

Microchip Technology PIC18 LITE Macro Assembler V1.42 build -159332390 
                                                                                               Wed Sep 12 21:36:47 2018

Microchip Technology Omniscient Code Generator v1.42 (Free mode) build 201704130522
     1                           	processor	18F4550
     2                           	fnconf	rparam,??,?,0
     3                           	opt	pw 120
     4                           	opt	lm
     5                           	psect	idataCOMRAM,global,class=CODE,delta=1,noexec
     6                           	psect	smallconst,global,reloc=2,class=SMALLCONST,delta=1,noexec
     7                           	psect	cinit,global,reloc=2,class=CODE,delta=1
     8                           	psect	bssCOMRAM,global,class=COMRAM,space=1,delta=1,noexec
     9                           	psect	dataCOMRAM,global,class=COMRAM,space=1,delta=1,noexec
    10                           	psect	cstackCOMRAM,global,class=COMRAM,space=1,delta=1,noexec
    11                           	psect	text0,global,reloc=2,class=CODE,delta=1
    12                           	psect	text1,global,reloc=2,class=CODE,delta=1
    13                           	psect	text2,global,reloc=2,class=CODE,delta=1
    14                           	psect	intcode,global,reloc=2,class=CODE,delta=1
    15                           	psect	intcode_body,global,reloc=2,class=CODE,delta=1
    16                           	psect	intsave_regs,global,class=BIGRAM,space=1,delta=1,noexec
    17                           	psect	rparam,global,class=COMRAM,space=1,delta=1,noexec
    18                           	psect	temp,global,ovrld,common,class=COMRAM,space=1,delta=1
    19  0000                     
    20                           ; Version 1.42
    21                           ; Generated 13/04/2017 GMT
    22                           ; 
    23                           ; Copyright © 2017, Microchip Technology Inc. and its subsidiaries ("Microchip")
    24                           ; All rights reserved.
    25                           ; 
    26                           ; This software is developed by Microchip Technology Inc. and its subsidiaries ("Microch
      +                          ip").
    27                           ; 
    28                           ; Redistribution and use in source and binary forms, with or without modification, are
    29                           ; permitted provided that the following conditions are met:
    30                           ; 
    31                           ;     1. Redistributions of source code must retain the above copyright notice, this lis
      +                          t of
    32                           ;        conditions and the following disclaimer.
    33                           ; 
    34                           ;     2. Redistributions in binary form must reproduce the above copyright notice, this 
      +                          list
    35                           ;        of conditions and the following disclaimer in the documentation and/or other
    36                           ;        materials provided with the distribution.
    37                           ; 
    38                           ;     3. Microchip's name may not be used to endorse or promote products derived from th
      +                          is
    39                           ;        software without specific prior written permission.
    40                           ; 
    41                           ; THIS SOFTWARE IS PROVIDED BY MICROCHIP "AS IS" AND ANY EXPRESS OR IMPLIED WARRANTIES,
    42                           ; INCLUDING, BUT NOT LIMITED TO, THE IMPLIED WARRANTIES OF MERCHANTABILITY AND FITNESS F
      +                          OR
    43                           ; PURPOSE ARE DISCLAIMED.  IN NO EVENT SHALL MICROCHIP BE LIABLE FOR ANY DIRECT, INDIREC
      +                          T,
    44                           ; INCIDENTAL, SPECIAL, EXEMPLARY, OR CONSEQUENTIAL DAMAGES (INCLUDING BUT NOT LIMITED TO
    45                           ; PROCUREMENT OF SUBSTITUTE GOODS OR SERVICES; LOSS OF USE, DATA OR PROFITS; OR BUSINESS
    46                           ; INTERRUPTION) HOWSOEVER CAUSED AND ON ANY THEORY OF LIABILITY, WHETHER IN CONTRACT, ST
      +                          RICT
    47                           ; LIABILITY, OR TORT (INCLUDING NEGLIGENCE OR OTHERWISE) ARISING IN ANY WAY OUT OF THE U
      +                          SE OF
    48                           ; THIS SOFTWARE, EVEN IF ADVISED OF THE POSSIBILITY OF SUCH DAMAGE.
    49                           ; 
    50                           ; 
    51                           ; Code-generator required, PIC18F4550 Definitions
    52                           ; 
    53                           ; SFR Addresses
    54  0000                     
    55                           	psect	idataCOMRAM
    56  007EFE                     __pidataCOMRAM:
    57                           	opt stack 0
    58                           
    59                           ;initializer for _col
    60  007EFE  FF                 	db	255
    61                           
    62                           ;initializer for _fila
    63  007EFF  FF                 	db	255
    64                           
    65                           ;initializer for tic_encoder@estado
    66  007F00  04                 	db	4
    67                           
    68                           ;initializer for tic_debounce@debounce_tic
    69  007F01  0A                 	db	10
    70                           
    71                           ;initializer for _OffsetPeriodo
    72  007F02  20                 	db	32
    73                           
    74                           ;initializer for _UpperByte
    75  007F03  FF                 	db	255
    76                           
    77                           ;initializer for Send4Disp@Nro_Disp
    78  007F04  01                 	db	1
    79                           
    80                           ;initializer for Leds13@i
    81  007F05  01                 	db	1
    82                           
    83                           ;initializer for _frecuencia
    84  007F06  03E8               	dw	1000
    85                           
    86                           	psect	smallconst
    87  002018                     __psmallconst:
    88                           	opt stack 0
    89  002018  00                 	db	0
    90  002019                     _teclas:
    91                           	opt stack 0
    92  002019  01                 	db	1
    93  00201A  02                 	db	2
    94  00201B  03                 	db	3
    95  00201C  04                 	db	4
    96  00201D  05                 	db	5
    97  00201E  06                 	db	6
    98  00201F  07                 	db	7
    99  002020  08                 	db	8
   100  002021  09                 	db	9
   101  002022  2A                 	db	42
   102  002023  00                 	db	0
   103  002024  2B                 	db	43
   104  002025                     __end_of_teclas:
   105                           	opt stack 0
   106  0000                     _TMR0	set	4054
   107  0000                     _LATBbits	set	3978
   108  0000                     _PORTB	set	3969
   109  0000                     _PORTBbits	set	3969
   110  0000                     _INTCON3bits	set	4080
   111  0000                     _INTCON2bits	set	4081
   112  0000                     _TRISBbits	set	3987
   113  0000                     _EECON2	set	4007
   114  0000                     _EECON1bits	set	4006
   115  0000                     _EEDATA	set	4008
   116  0000                     _EEADR	set	4009
   117  0000                     _PORTD	set	3971
   118  0000                     _ADRESH	set	4036
   119  0000                     _ADCON0bits	set	4034
   120  0000                     _ADCON2	set	4032
   121  0000                     _TRISAbits	set	3986
   122  0000                     _PORTA	set	3968
   123  0000                     _TXREG	set	4013
   124  0000                     _T2CONbits	set	4042
   125  0000                     _CCP1CONbits	set	4029
   126  0000                     _CCPR1L	set	4030
   127  0000                     _PR2	set	4043
   128  0000                     _RCREG	set	4014
   129  0000                     _RCSTAbits	set	4011
   130  0000                     _SPBRGH	set	4016
   131  0000                     _SPBRG	set	4015
   132  0000                     _BAUDCONbits	set	4024
   133  0000                     _TXSTAbits	set	4012
   134  0000                     _PIE1bits	set	3997
   135  0000                     _PIR1bits	set	3998
   136  0000                     _TMR1H	set	4047
   137  0000                     _TMR1L	set	4046
   138  0000                     _T1CONbits	set	4045
   139  0000                     _TMR0H	set	4055
   140  0000                     _TMR0L	set	4054
   141  0000                     _TRISC	set	3988
   142  0000                     _LATEbits	set	3981
   143  0000                     _LATAbits	set	3977
   144  0000                     _LATCbits	set	3979
   145  0000                     _LATDbits	set	3980
   146  0000                     _TRISB	set	3987
   147  0000                     _TRISE	set	3990
   148  0000                     _TRISCbits	set	3988
   149  0000                     _LATE	set	3981
   150  0000                     _LATC	set	3979
   151  0000                     _LATB	set	3978
   152  0000                     _LATA	set	3977
   153  0000                     _PORTDbits	set	3971
   154  0000                     _LATD	set	3980
   155  0000                     _PORTEbits	set	3972
   156  0000                     _TRISD	set	3989
   157  0000                     _TRISEbits	set	3990
   158  0000                     _TRISA	set	3986
   159  0000                     _T0CONbits	set	4053
   160  0000                     _INTCONbits	set	4082
   161  0000                     _ADCON1	set	4033
   162  0000                     _CMCON	set	4020
   163  0000                     _RBIE	set	32659
   164  0000                     _RBIF	set	32656
   165  0000                     _RBIP	set	32648
   166  0000                     _RBPU	set	32655
   167  0000                     _INT1IE	set	32643
   168  0000                     _INT1IF	set	32640
   169  0000                     _INT0IF	set	32657
   170  0000                     _INT0IE	set	32660
   171  0000                     _TMR0IF	set	32658
   172                           
   173                           ; #config settings
   174  002025  00                 	db	0	; dummy byte at the end
   175  0000                     
   176                           	psect	cinit
   177  007F42                     __pcinit:
   178                           	opt stack 0
   179  007F42                     start_initialization:
   180                           	opt stack 0
   181  007F42                     __initialization:
   182                           	opt stack 0
   183                           
   184                           ; Initialize objects allocated to COMRAM (10 bytes)
   185                           ; load TBLPTR registers with __pidataCOMRAM
   186  007F42  0EFE               	movlw	low __pidataCOMRAM
   187  007F44  6EF6               	movwf	tblptrl,c
   188  007F46  0E7E               	movlw	high __pidataCOMRAM
   189  007F48  6EF7               	movwf	tblptrh,c
   190  007F4A  0E00               	movlw	low (__pidataCOMRAM shr (0+16))
   191  007F4C  6EF8               	movwf	tblptru,c
   192  007F4E  EE00  F029         	lfsr	0,__pdataCOMRAM
   193  007F52  EE10 F00A          	lfsr	1,10
   194  007F56                     copy_data0:
   195  007F56  0009               	tblrd		*+
   196  007F58  CFF5 FFEE          	movff	tablat,postinc0
   197  007F5C  50E5               	movf	postdec1,w,c
   198  007F5E  50E1               	movf	fsr1l,w,c
   199  007F60  E1FA               	bnz	copy_data0
   200                           
   201                           ; Clear objects allocated to COMRAM (26 bytes)
   202  007F62  EE00  F001         	lfsr	0,__pbssCOMRAM
   203  007F66  0E1A               	movlw	26
   204  007F68                     clear_0:
   205  007F68  6AEE               	clrf	postinc0,c
   206  007F6A  06E8               	decf	wreg,f,c
   207  007F6C  E1FD               	bnz	clear_0
   208  007F6E                     end_of_initialization:
   209                           	opt stack 0
   210  007F6E                     __end_of__initialization:
   211                           	opt stack 0
   212  007F6E  9033               	bcf	int$flags,0,c	;clear compiler interrupt flag (level 1)
   213  007F70  9233               	bcf	int$flags,1,c	;clear compiler interrupt flag (level 2)
   214  007F72  0E00               	movlw	low (__Lmediumconst shr (0+16))
   215  007F74  6EF8               	movwf	tblptru,c
   216  007F76  0100               	movlb	0
   217  007F78  EF7C  F03F         	goto	_main	;jump to C main() function
   218                           tblptru	equ	0xFF8
   219                           tblptrh	equ	0xFF7
   220                           tblptrl	equ	0xFF6
   221                           tablat	equ	0xFF5
   222                           postinc0	equ	0xFEE
   223                           wreg	equ	0xFE8
   224                           postdec1	equ	0xFE5
   225                           fsr1l	equ	0xFE1
   226                           
   227                           	psect	bssCOMRAM
   228  000001                     __pbssCOMRAM:
   229                           	opt stack 0
   230  000001                     _desplazar_tout:
   231                           	opt stack 0
   232  000001                     	ds	2
   233  000003                     _MedioPeriodoSet:
   234                           	opt stack 0
   235  000003                     	ds	2
   236  000005                     _LCD_tout:
   237                           	opt stack 0
   238  000005                     	ds	2
   239  000007                     _led_tout:
   240                           	opt stack 0
   241  000007                     	ds	2
   242  000009                     tecla@status_KB:
   243                           	opt stack 0
   244  000009                     	ds	1
   245  00000A                     _delay_kb:
   246                           	opt stack 0
   247  00000A                     	ds	1
   248  00000B                     _flag_kb:
   249                           	opt stack 0
   250  00000B                     	ds	1
   251  00000C                     _flagCanal:
   252                           	opt stack 0
   253  00000C                     	ds	1
   254  00000D                     _encoderTout:
   255                           	opt stack 0
   256  00000D                     	ds	1
   257  00000E                     _posicionEncoder:
   258                           	opt stack 0
   259  00000E                     	ds	1
   260  00000F                     _minimoEncoder:
   261                           	opt stack 0
   262  00000F                     	ds	1
   263  000010                     _maximoEncoder:
   264                           	opt stack 0
   265  000010                     	ds	1
   266  000011                     debounce@cnt1:
   267                           	opt stack 0
   268  000011                     	ds	1
   269  000012                     debounce@cnt0:
   270                           	opt stack 0
   271  000012                     	ds	1
   272  000013                     debounce@state:
   273                           	opt stack 0
   274  000013                     	ds	1
   275  000014                     _MultiplicadorSet:
   276                           	opt stack 0
   277  000014                     	ds	1
   278  000015                     _Multiplicador:
   279                           	opt stack 0
   280  000015                     	ds	1
   281  000016                     _LowerByte:
   282                           	opt stack 0
   283  000016                     	ds	1
   284  000017                     Botones13@Estado_BOT:
   285                           	opt stack 0
   286  000017                     	ds	1
   287  000018                     _EstadoDeLosBotones:
   288                           	opt stack 0
   289  000018                     	ds	1
   290  000019                     _bot_tout:
   291                           	opt stack 0
   292  000019                     	ds	1
   293  00001A                     _mux_tout:
   294                           	opt stack 0
   295  00001A                     	ds	1
   296                           tblptru	equ	0xFF8
   297                           tblptrh	equ	0xFF7
   298                           tblptrl	equ	0xFF6
   299                           tablat	equ	0xFF5
   300                           postinc0	equ	0xFEE
   301                           wreg	equ	0xFE8
   302                           postdec1	equ	0xFE5
   303                           fsr1l	equ	0xFE1
   304                           
   305                           	psect	dataCOMRAM
   306  000029                     __pdataCOMRAM:
   307                           	opt stack 0
   308  000029                     _col:
   309                           	opt stack 0
   310  000029                     	ds	1
   311  00002A                     _fila:
   312                           	opt stack 0
   313  00002A                     	ds	1
   314  00002B                     tic_encoder@estado:
   315                           	opt stack 0
   316  00002B                     	ds	1
   317  00002C                     tic_debounce@debounce_tic:
   318                           	opt stack 0
   319  00002C                     	ds	1
   320  00002D                     _OffsetPeriodo:
   321                           	opt stack 0
   322  00002D                     	ds	1
   323  00002E                     _UpperByte:
   324                           	opt stack 0
   325  00002E                     	ds	1
   326  00002F                     Send4Disp@Nro_Disp:
   327                           	opt stack 0
   328  00002F                     	ds	1
   329  000030                     Leds13@i:
   330                           	opt stack 0
   331  000030                     	ds	1
   332  000031                     _frecuencia:
   333                           	opt stack 0
   334  000031                     	ds	2
   335                           tblptru	equ	0xFF8
   336                           tblptrh	equ	0xFF7
   337                           tblptrl	equ	0xFF6
   338                           tablat	equ	0xFF5
   339                           postinc0	equ	0xFEE
   340                           wreg	equ	0xFE8
   341                           postdec1	equ	0xFE5
   342                           fsr1l	equ	0xFE1
   343                           
   344                           	psect	cstackCOMRAM
   345  00001B                     __pcstackCOMRAM:
   346                           	opt stack 0
   347  00001B                     ??_myISR:
   348                           
   349                           ; 1 bytes @ 0x0
   350  00001B                     	ds	14
   351  000029                     tblptru	equ	0xFF8
   352                           tblptrh	equ	0xFF7
   353                           tblptrl	equ	0xFF6
   354                           tablat	equ	0xFF5
   355                           postinc0	equ	0xFEE
   356                           wreg	equ	0xFE8
   357                           postdec1	equ	0xFE5
   358                           fsr1l	equ	0xFE1
   359                           
   360                           ; 1 bytes @ 0xE
   361 ;;
   362 ;;Main: autosize = 0, tempsize = 0, incstack = 0, save=0
   363 ;;
   364 ;; *************** function _main *****************
   365 ;; Defined at:
   366 ;;		line 18 in file "main.c"
   367 ;; Parameters:    Size  Location     Type
   368 ;;		None
   369 ;; Auto vars:     Size  Location     Type
   370 ;;		None
   371 ;; Return value:  Size  Location     Type
   372 ;;                  1    wreg      void 
   373 ;; Registers used:
   374 ;;		wreg, status,2, cstack
   375 ;; Tracked objects:
   376 ;;		On entry : 0/0
   377 ;;		On exit  : 0/0
   378 ;;		Unchanged: 0/0
   379 ;; Data sizes:     COMRAM   BANK0   BANK1   BANK2   BANK3   BANK4   BANK5   BANK6   BANK7
   380 ;;      Params:         0       0       0       0       0       0       0       0       0
   381 ;;      Locals:         0       0       0       0       0       0       0       0       0
   382 ;;      Temps:          0       0       0       0       0       0       0       0       0
   383 ;;      Totals:         0       0       0       0       0       0       0       0       0
   384 ;;Total ram usage:        0 bytes
   385 ;; Hardware stack levels required when called:    3
   386 ;; This function calls:
   387 ;;		_init_Shield
   388 ;; This function is called by:
   389 ;;		Startup code after reset
   390 ;; This function uses a non-reentrant model
   391 ;;
   392                           
   393                           	psect	text0
   394  007EF8                     __ptext0:
   395                           	opt stack 0
   396  007EF8                     _main:
   397                           	opt stack 28
   398                           
   399                           ;main.c: 19: init_Shield();
   400                           
   401                           ;incstack = 0
   402  007EF8  EC90  F03F         	call	_init_Shield	;wreg free
   403  007EFC                     l33:
   404  007EFC  D7FF               	goto	l33
   405  007EFE                     __end_of_main:
   406                           	opt stack 0
   407                           tblptru	equ	0xFF8
   408                           tblptrh	equ	0xFF7
   409                           tblptrl	equ	0xFF6
   410                           tablat	equ	0xFF5
   411                           postinc0	equ	0xFEE
   412                           wreg	equ	0xFE8
   413                           postdec1	equ	0xFE5
   414                           fsr1l	equ	0xFE1
   415                           
   416 ;; *************** function _init_Shield *****************
   417 ;; Defined at:
   418 ;;		line 33 in file "main.c"
   419 ;; Parameters:    Size  Location     Type
   420 ;;		None
   421 ;; Auto vars:     Size  Location     Type
   422 ;;		None
   423 ;; Return value:  Size  Location     Type
   424 ;;                  1    wreg      void 
   425 ;; Registers used:
   426 ;;		wreg, status,2, cstack
   427 ;; Tracked objects:
   428 ;;		On entry : 0/0
   429 ;;		On exit  : 0/0
   430 ;;		Unchanged: 0/0
   431 ;; Data sizes:     COMRAM   BANK0   BANK1   BANK2   BANK3   BANK4   BANK5   BANK6   BANK7
   432 ;;      Params:         0       0       0       0       0       0       0       0       0
   433 ;;      Locals:         0       0       0       0       0       0       0       0       0
   434 ;;      Temps:          0       0       0       0       0       0       0       0       0
   435 ;;      Totals:         0       0       0       0       0       0       0       0       0
   436 ;;Total ram usage:        0 bytes
   437 ;; Hardware stack levels used:    1
   438 ;; Hardware stack levels required when called:    2
   439 ;; This function calls:
   440 ;;		_TIMER0_INI
   441 ;; This function is called by:
   442 ;;		_main
   443 ;; This function uses a non-reentrant model
   444 ;;
   445                           
   446                           	psect	text1
   447  007F20                     __ptext1:
   448                           	opt stack 0
   449  007F20                     _init_Shield:
   450                           	opt stack 28
   451                           
   452                           ;main.c: 34: CMCON = 0x07;
   453                           
   454                           ;incstack = 0
   455  007F20  0E07               	movlw	7
   456  007F22  6EB4               	movwf	4020,c	;volatile
   457                           
   458                           ;main.c: 35: ADCON1 = 0x0F;
   459  007F24  0E0F               	movlw	15
   460  007F26  6EC1               	movwf	4033,c	;volatile
   461                           
   462                           ;main.c: 39: INTCONbits.GIE = 1;
   463  007F28  8EF2               	bsf	intcon,7,c	;volatile
   464                           
   465                           ;main.c: 40: INTCONbits.TMR0IE = 1;
   466  007F2A  8AF2               	bsf	intcon,5,c	;volatile
   467                           
   468                           ;main.c: 41: INTCONbits.TMR0IF = 0;
   469  007F2C  94F2               	bcf	intcon,2,c	;volatile
   470                           
   471                           ;main.c: 42: TIMER0_INI();
   472  007F2E  EC84  F03F         	call	_TIMER0_INI	;wreg free
   473                           
   474                           ;main.c: 43: T0CONbits.TMR0ON = 1;
   475  007F32  8ED5               	bsf	4053,7,c	;volatile
   476                           
   477                           ;main.c: 46: TRISA = 0x00;
   478  007F34  0E00               	movlw	0
   479  007F36  6E92               	movwf	3986,c	;volatile
   480                           
   481                           ;main.c: 47: TRISEbits.RE0 = 0;
   482  007F38  9096               	bcf	3990,0,c	;volatile
   483                           
   484                           ;main.c: 48: TRISEbits.RE1 = 0;
   485  007F3A  9296               	bcf	3990,1,c	;volatile
   486                           
   487                           ;main.c: 49: TRISEbits.RE2 = 0;
   488  007F3C  9496               	bcf	3990,2,c	;volatile
   489                           
   490                           ;main.c: 50: (INTCONbits.GIE = 1);
   491  007F3E  8EF2               	bsf	intcon,7,c	;volatile
   492  007F40  0012               	return		;funcret
   493  007F42                     __end_of_init_Shield:
   494                           	opt stack 0
   495                           tblptru	equ	0xFF8
   496                           tblptrh	equ	0xFF7
   497                           tblptrl	equ	0xFF6
   498                           tablat	equ	0xFF5
   499                           intcon	equ	0xFF2
   500                           postinc0	equ	0xFEE
   501                           wreg	equ	0xFE8
   502                           postdec1	equ	0xFE5
   503                           fsr1l	equ	0xFE1
   504                           
   505 ;; *************** function _TIMER0_INI *****************
   506 ;; Defined at:
   507 ;;		line 14 in file "Tecnica1.c"
   508 ;; Parameters:    Size  Location     Type
   509 ;;		None
   510 ;; Auto vars:     Size  Location     Type
   511 ;;		None
   512 ;; Return value:  Size  Location     Type
   513 ;;                  1    wreg      void 
   514 ;; Registers used:
   515 ;;		wreg, status,2
   516 ;; Tracked objects:
   517 ;;		On entry : 0/0
   518 ;;		On exit  : 0/0
   519 ;;		Unchanged: 0/0
   520 ;; Data sizes:     COMRAM   BANK0   BANK1   BANK2   BANK3   BANK4   BANK5   BANK6   BANK7
   521 ;;      Params:         0       0       0       0       0       0       0       0       0
   522 ;;      Locals:         0       0       0       0       0       0       0       0       0
   523 ;;      Temps:          0       0       0       0       0       0       0       0       0
   524 ;;      Totals:         0       0       0       0       0       0       0       0       0
   525 ;;Total ram usage:        0 bytes
   526 ;; Hardware stack levels used:    1
   527 ;; Hardware stack levels required when called:    1
   528 ;; This function calls:
   529 ;;		Nothing
   530 ;; This function is called by:
   531 ;;		_init_Shield
   532 ;; This function uses a non-reentrant model
   533 ;;
   534                           
   535                           	psect	text2
   536  007F08                     __ptext2:
   537                           	opt stack 0
   538  007F08                     _TIMER0_INI:
   539                           	opt stack 28
   540                           
   541                           ;Tecnica1.c: 15: T0CONbits.TMR0ON = 0;
   542                           
   543                           ;incstack = 0
   544  007F08  9ED5               	bcf	4053,7,c	;volatile
   545                           
   546                           ;Tecnica1.c: 16: T0CONbits.T08BIT = 1;
   547  007F0A  8CD5               	bsf	4053,6,c	;volatile
   548                           
   549                           ;Tecnica1.c: 17: T0CONbits.T0CS = 0;
   550  007F0C  9AD5               	bcf	4053,5,c	;volatile
   551                           
   552                           ;Tecnica1.c: 18: T0CONbits.PSA = 0;
   553  007F0E  96D5               	bcf	4053,3,c	;volatile
   554                           
   555                           ;Tecnica1.c: 19: T0CONbits.T0PS0 = 1;
   556  007F10  80D5               	bsf	4053,0,c	;volatile
   557                           
   558                           ;Tecnica1.c: 20: T0CONbits.T0PS1 = 1;
   559  007F12  82D5               	bsf	4053,1,c	;volatile
   560                           
   561                           ;Tecnica1.c: 21: T0CONbits.T0PS2 = 1;
   562  007F14  84D5               	bsf	4053,2,c	;volatile
   563                           
   564                           ;Tecnica1.c: 22: TMR0L = 209;
   565  007F16  0ED1               	movlw	209
   566  007F18  6ED6               	movwf	4054,c	;volatile
   567                           
   568                           ;Tecnica1.c: 23: TMR0H = 0xFF;
   569  007F1A  68D7               	setf	4055,c	;volatile
   570                           
   571                           ;Tecnica1.c: 24: INTCONbits.TMR0IE = 1;
   572  007F1C  8AF2               	bsf	intcon,5,c	;volatile
   573  007F1E  0012               	return		;funcret
   574  007F20                     __end_of_TIMER0_INI:
   575                           	opt stack 0
   576                           tblptru	equ	0xFF8
   577                           tblptrh	equ	0xFF7
   578                           tblptrl	equ	0xFF6
   579                           tablat	equ	0xFF5
   580                           intcon	equ	0xFF2
   581                           postinc0	equ	0xFEE
   582                           wreg	equ	0xFE8
   583                           postdec1	equ	0xFE5
   584                           fsr1l	equ	0xFE1
   585                           
   586 ;; *************** function _myISR *****************
   587 ;; Defined at:
   588 ;;		line 26 in file "main.c"
   589 ;; Parameters:    Size  Location     Type
   590 ;;		None
   591 ;; Auto vars:     Size  Location     Type
   592 ;;		None
   593 ;; Return value:  Size  Location     Type
   594 ;;                  1    wreg      void 
   595 ;; Registers used:
   596 ;;		wreg, status,2
   597 ;; Tracked objects:
   598 ;;		On entry : 0/0
   599 ;;		On exit  : 0/0
   600 ;;		Unchanged: 0/0
   601 ;; Data sizes:     COMRAM   BANK0   BANK1   BANK2   BANK3   BANK4   BANK5   BANK6   BANK7
   602 ;;      Params:         0       0       0       0       0       0       0       0       0
   603 ;;      Locals:         0       0       0       0       0       0       0       0       0
   604 ;;      Temps:         14       0       0       0       0       0       0       0       0
   605 ;;      Totals:        14       0       0       0       0       0       0       0       0
   606 ;;Total ram usage:       14 bytes
   607 ;; Hardware stack levels used:    1
   608 ;; This function calls:
   609 ;;		Nothing
   610 ;; This function is called by:
   611 ;;		Interrupt level 2
   612 ;; This function uses a non-reentrant model
   613 ;;
   614                           
   615                           	psect	intcode
   616  002008                     __pintcode:
   617                           	opt stack 0
   618  002008                     _myISR:
   619                           	opt stack 28
   620                           
   621                           ;incstack = 0
   622  002008  8233               	bsf	btemp,1,c	;set compiler interrupt flag (level 2)
   623  00200A  EDBE  F03F         	call	int_func,f	;refresh shadow registers
   624                           tblptru	equ	0xFF8
   625                           tblptrh	equ	0xFF7
   626                           tblptrl	equ	0xFF6
   627                           tablat	equ	0xFF5
   628                           intcon	equ	0xFF2
   629                           postinc0	equ	0xFEE
   630                           wreg	equ	0xFE8
   631                           postdec1	equ	0xFE5
   632                           fsr1l	equ	0xFE1
   633                           
   634                           	psect	intcode_body
   635  007F7C                     __pintcode_body:
   636                           	opt stack 28
   637  007F7C                     int_func:
   638                           	opt stack 28
   639  007F7C  0006               	pop		; remove dummy address from shadow register refresh
   640  007F7E  CFFA F01B          	movff	pclath,??_myISR
   641  007F82  CFFB F01C          	movff	pclatu,??_myISR+1
   642  007F86  CFE9 F01D          	movff	fsr0l,??_myISR+2
   643  007F8A  CFEA F01E          	movff	fsr0h,??_myISR+3
   644  007F8E  CFE1 F01F          	movff	fsr1l,??_myISR+4
   645  007F92  CFE2 F020          	movff	fsr1h,??_myISR+5
   646  007F96  CFD9 F021          	movff	fsr2l,??_myISR+6
   647  007F9A  CFDA F022          	movff	fsr2h,??_myISR+7
   648  007F9E  CFF3 F023          	movff	prodl,??_myISR+8
   649  007FA2  CFF4 F024          	movff	prodh,??_myISR+9
   650  007FA6  CFF6 F025          	movff	tblptrl,??_myISR+10
   651  007FAA  CFF7 F026          	movff	tblptrh,??_myISR+11
   652  007FAE  CFF8 F027          	movff	tblptru,??_myISR+12
   653  007FB2  CFF5 F028          	movff	tablat,??_myISR+13
   654                           
   655                           ;main.c: 27: if (TMR0IF) {
   656  007FB6  A4F2               	btfss	intcon,2,c	;volatile
   657  007FB8  D005               	goto	i2l42
   658                           
   659                           ;main.c: 28: TMR0 = 65160;
   660  007FBA  0EFE               	movlw	254
   661  007FBC  6ED7               	movwf	4055,c	;volatile
   662  007FBE  0E88               	movlw	136
   663  007FC0  6ED6               	movwf	4054,c	;volatile
   664                           
   665                           ;main.c: 29: TMR0IF = 0;
   666  007FC2  94F2               	bcf	intcon,2,c	;volatile
   667  007FC4                     i2l42:
   668  007FC4  C028  FFF5         	movff	??_myISR+13,tablat
   669  007FC8  C027  FFF8         	movff	??_myISR+12,tblptru
   670  007FCC  C026  FFF7         	movff	??_myISR+11,tblptrh
   671  007FD0  C025  FFF6         	movff	??_myISR+10,tblptrl
   672  007FD4  C024  FFF4         	movff	??_myISR+9,prodh
   673  007FD8  C023  FFF3         	movff	??_myISR+8,prodl
   674  007FDC  C022  FFDA         	movff	??_myISR+7,fsr2h
   675  007FE0  C021  FFD9         	movff	??_myISR+6,fsr2l
   676  007FE4  C020  FFE2         	movff	??_myISR+5,fsr1h
   677  007FE8  C01F  FFE1         	movff	??_myISR+4,fsr1l
   678  007FEC  C01E  FFEA         	movff	??_myISR+3,fsr0h
   679  007FF0  C01D  FFE9         	movff	??_myISR+2,fsr0l
   680  007FF4  C01C  FFFB         	movff	??_myISR+1,pclatu
   681  007FF8  C01B  FFFA         	movff	??_myISR,pclath
   682  007FFC  9233               	bcf	btemp,1,c	;clear compiler interrupt flag (level 2)
   683  007FFE  0011               	retfie		f
   684  008000                     __end_of_myISR:
   685                           	opt stack 0
   686                           pclatu	equ	0xFFB
   687                           pclath	equ	0xFFA
   688                           tblptru	equ	0xFF8
   689                           tblptrh	equ	0xFF7
   690                           tblptrl	equ	0xFF6
   691                           tablat	equ	0xFF5
   692                           prodh	equ	0xFF4
   693                           prodl	equ	0xFF3
   694                           intcon	equ	0xFF2
   695                           postinc0	equ	0xFEE
   696                           fsr0h	equ	0xFEA
   697                           fsr0l	equ	0xFE9
   698                           wreg	equ	0xFE8
   699                           postdec1	equ	0xFE5
   700                           fsr1h	equ	0xFE2
   701                           fsr1l	equ	0xFE1
   702                           fsr2h	equ	0xFDA
   703                           fsr2l	equ	0xFD9
   704                           pclatu	equ	0xFFB
   705                           pclath	equ	0xFFA
   706                           tblptru	equ	0xFF8
   707                           tblptrh	equ	0xFF7
   708                           tblptrl	equ	0xFF6
   709                           tablat	equ	0xFF5
   710                           prodh	equ	0xFF4
   711                           prodl	equ	0xFF3
   712                           intcon	equ	0xFF2
   713                           postinc0	equ	0xFEE
   714                           fsr0h	equ	0xFEA
   715                           fsr0l	equ	0xFE9
   716                           wreg	equ	0xFE8
   717                           postdec1	equ	0xFE5
   718                           fsr1h	equ	0xFE2
   719                           fsr1l	equ	0xFE1
   720                           fsr2h	equ	0xFDA
   721                           fsr2l	equ	0xFD9
   722                           
   723                           	psect	rparam
   724  0000                     pclatu	equ	0xFFB
   725                           pclath	equ	0xFFA
   726                           tblptru	equ	0xFF8
   727                           tblptrh	equ	0xFF7
   728                           tblptrl	equ	0xFF6
   729                           tablat	equ	0xFF5
   730                           prodh	equ	0xFF4
   731                           prodl	equ	0xFF3
   732                           intcon	equ	0xFF2
   733                           postinc0	equ	0xFEE
   734                           fsr0h	equ	0xFEA
   735                           fsr0l	equ	0xFE9
   736                           wreg	equ	0xFE8
   737                           postdec1	equ	0xFE5
   738                           fsr1h	equ	0xFE2
   739                           fsr1l	equ	0xFE1
   740                           fsr2h	equ	0xFDA
   741                           fsr2l	equ	0xFD9
   742                           
   743                           	psect	temp
   744  000033                     btemp:
   745                           	opt stack 0
   746  000033                     	ds	1
   747  0000                     int$flags	set	btemp
   748                           pclatu	equ	0xFFB
   749                           pclath	equ	0xFFA
   750                           tblptru	equ	0xFF8
   751                           tblptrh	equ	0xFF7
   752                           tblptrl	equ	0xFF6
   753                           tablat	equ	0xFF5
   754                           prodh	equ	0xFF4
   755                           prodl	equ	0xFF3
   756                           intcon	equ	0xFF2
   757                           postinc0	equ	0xFEE
   758                           fsr0h	equ	0xFEA
   759                           fsr0l	equ	0xFE9
   760                           wreg	equ	0xFE8
   761                           postdec1	equ	0xFE5
   762                           fsr1h	equ	0xFE2
   763                           fsr1l	equ	0xFE1
   764                           fsr2h	equ	0xFDA
   765                           fsr2l	equ	0xFD9


Data Sizes:
    Strings     0
    Constant    12
    Data        10
    BSS         26
    Persistent  0
    Stack       0

Auto Spaces:
    Space          Size  Autos    Used
    COMRAM           94     14      50
    BANK0           160      0       0
    BANK1           256      0       0
    BANK2           256      0       0
    BANK3           256      0       0
    BANK4           256      0       0
    BANK5           256      0       0
    BANK6           256      0       0
    BANK7           256      0       0

Pointer List with Targets:

    None.

Critical Paths under _main in COMRAM

    None.

Critical Paths under _myISR in COMRAM

    None.

Critical Paths under _main in BANK0

    None.

Critical Paths under _myISR in BANK0

    None.

Critical Paths under _main in BANK1

    None.

Critical Paths under _myISR in BANK1

    None.

Critical Paths under _main in BANK2

    None.

Critical Paths under _myISR in BANK2

    None.

Critical Paths under _main in BANK3

    None.

Critical Paths under _myISR in BANK3

    None.

Critical Paths under _main in BANK4

    None.

Critical Paths under _myISR in BANK4

    None.

Critical Paths under _main in BANK5

    None.

Critical Paths under _myISR in BANK5

    None.

Critical Paths under _main in BANK6

    None.

Critical Paths under _myISR in BANK6

    None.

Critical Paths under _main in BANK7

    None.

Critical Paths under _myISR in BANK7

    None.

Call Graph Tables:

 ---------------------------------------------------------------------------------
 (Depth) Function   	        Calls       Base Space   Used Autos Params    Refs
 ---------------------------------------------------------------------------------
 (0) _main                                                 0     0      0       0
                        _init_Shield
 ---------------------------------------------------------------------------------
 (1) _init_Shield                                          0     0      0       0
                         _TIMER0_INI
 ---------------------------------------------------------------------------------
 (2) _TIMER0_INI                                           0     0      0       0
 ---------------------------------------------------------------------------------
 Estimated maximum stack depth 2
 ---------------------------------------------------------------------------------
 (Depth) Function   	        Calls       Base Space   Used Autos Params    Refs
 ---------------------------------------------------------------------------------
 (3) _myISR                                               14    14      0       0
                                              0 COMRAM    14    14      0
 ---------------------------------------------------------------------------------
 Estimated maximum stack depth 3
 ---------------------------------------------------------------------------------

 Call Graph Graphs:

 _main (ROOT)
   _init_Shield
     _TIMER0_INI

 _myISR (ROOT)

 Address spaces:
Name               Size   Autos  Total    Cost      Usage
BIGRAM             7FF      0       0      21        0.0%
EEDATA             100      0       0       0        0.0%
BITBANK7           100      0       0      18        0.0%
BANK7              100      0       0      19        0.0%
BITBANK6           100      0       0      16        0.0%
BANK6              100      0       0      17        0.0%
BITBANK5           100      0       0      14        0.0%
BANK5              100      0       0      15        0.0%
BITBANK4           100      0       0      12        0.0%
BANK4              100      0       0      13        0.0%
BITBANK3           100      0       0      10        0.0%
BANK3              100      0       0      11        0.0%
BITBANK2           100      0       0       8        0.0%
BANK2              100      0       0       9        0.0%
BITBANK1           100      0       0       6        0.0%
BANK1              100      0       0       7        0.0%
BITBANK0            A0      0       0       4        0.0%
BANK0               A0      0       0       5        0.0%
BITCOMRAM           5E      0       0       0        0.0%
COMRAM              5E      E      32       1       53.2%
BITSFR               0      0       0     200        0.0%
SFR                  0      0       0     200        0.0%
STACK                0      0       0       2        0.0%
NULL                 0      0       0       0        0.0%
ABS                  0      0      32      20        0.0%
DATA                 0      0      32       3        0.0%
CODE                 0      0       0       0        0.0%


Microchip Technology PIC18 Macro Assembler V1.42 build -159332390 
Symbol Table                                                                                   Wed Sep 12 21:36:47 2018

                      l33 7EFC               __CFG_BOR$ON 000000               __CFG_BORV$3 000000  
            __CFG_CP0$OFF 000000              __CFG_CP1$OFF 000000              __CFG_CPB$OFF 000000  
                     _PR2 000FCB                       _col 0029          _MultiplicadorSet 0014  
                     wreg 000FE8              __CFG_LVP$OFF 000000              __CFG_WDT$OFF 000000  
                    _LATA 000F89                      _LATB 000F8A                      _LATC 000F8B  
                    _LATD 000F8C                      _LATE 000F8D                      _RBIE 007F93  
                    _RBIF 007F90                      i2l42 7FC4                      _RBIP 007F88  
                    _RBPU 007F8F                      _TMR0 000FD6                      _fila 002A  
                    _main 7EF8                      fsr0h 000FEA                      fsr1h 000FE2  
                    fsr2h 000FDA                      fsr0l 000FE9                      fsr1l 000FE1  
                    fsr2l 000FD9                      btemp 0033                      prodh 000FF4  
                    prodl 000FF3                      start 200E             __CFG_IESO$OFF 000000  
           __CFG_MCLRE$ON 000000              ___param_bank 000000               ?_TIMER0_INI 001B  
            ?_init_Shield 001B             __CFG_PLLDIV$5 000000                     ?_main 001B  
                   _EEADR 000FA9                     _CMCON 000FB4                     _RCREG 000FAE  
                   _TMR0H 000FD7                     _TMR1H 000FCF                     _TMR0L 000FD6  
                   _TMR1L 000FCE                     _SPBRG 000FAF                     _PORTA 000F80  
                   _PORTB 000F81                     _PORTD 000F83             __CFG_USBDIV$2 000000  
                   _TRISA 000F92                     _TRISB 000F93                     _TRISC 000F94  
                   _TRISD 000F95                     _TRISE 000F96                     _TXREG 000FAD  
           __CFG_PWRT$OFF 000000             __CFG_WRT0$OFF 000000             __CFG_WRT1$OFF 000000  
          __CFG_EBTR0$OFF 000000            __CFG_FCMEN$OFF 000000            __CFG_EBTR1$OFF 000000  
           __CFG_WRTB$OFF 000000             __CFG_WRTC$OFF 000000            __CFG_EBTRB$OFF 000000  
                   _myISR 2008                     pclath 000FFA                     tablat 000FF5  
         __initialization 7F42              __end_of_main 7EFE                    ??_main 0029  
           __activetblptr 000002                    _ADCON1 000FC1                    _ADCON2 000FC0  
                  ?_myISR 001B                    _ADRESH 000FC4                    _EEDATA 000FA8  
                  _CCPR1L 000FBE                    _EECON2 000FA7                    _INT0IE 007F94  
                  _INT0IF 007F91                    _INT1IE 007F83                    _INT1IF 007F80  
     __size_of_TIMER0_INI 0018                    _TMR0IF 007F92                    _SPBRGH 000FB0  
          __CFG_VREGEN$ON 000000            __CFG_XINST$OFF 000000            __CFG_STVREN$ON 000000  
                  clear_0 7F68                    _teclas 2019              __pdataCOMRAM 0029  
            __mediumconst 0000                    tblptrh 000FF7                    tblptrl 000FF6  
                  tblptru 000FF8             _OffsetPeriodo 002D                __accesstop 0060  
 __end_of__initialization 7F6E           __CFG_PBADEN$OFF 000000             ___rparam_used 000001  
          __pcstackCOMRAM 001B             __end_of_myISR 8000      __size_of_init_Shield 0022  
                 ??_myISR 001B             _maximoEncoder 0010              ??_TIMER0_INI 0029  
                 Leds13@i 0030        __end_of_TIMER0_INI 7F20                _frecuencia 0031  
                 __Hparam 0000                   __Lparam 0000              __psmallconst 2018  
                 __pcinit 7F42                   __ramtop 0800                   _flag_kb 000B  
                 __ptext0 7EF8                   __ptext1 7F20                   __ptext2 7F08  
               _T0CONbits 000FD5                 _T1CONbits 000FCD                 _T2CONbits 000FCA  
           _minimoEncoder 000F            __pintcode_body 7F7C             debounce@state 0013  
    end_of_initialization 7F6E             __Lmediumconst 0000                   int_func 7F7C  
               _RCSTAbits 000FAB                   postdec1 000FE5                   postinc0 000FEE  
               _PORTBbits 000F81                 _PORTDbits 000F83                 _PORTEbits 000F84  
      _EstadoDeLosBotones 0018                 _TRISAbits 000F92                 _TRISBbits 000F93  
               _TRISCbits 000F94                 _TRISEbits 000F96         tic_encoder@estado 002B  
             _CCP1CONbits 000FBD                 _TXSTAbits 000FAC               _BAUDCONbits 000FB8  
           __pidataCOMRAM 7EFE            __end_of_teclas 2025       start_initialization 7F42  
          tecla@status_KB 0009                 _LowerByte 0016             ??_init_Shield 0029  
        __CFG_LPT1OSC$OFF 000000           _posicionEncoder 000E  tic_debounce@debounce_tic 002C  
               _UpperByte 002E               __pbssCOMRAM 0001                 _flagCanal 000C  
               __pintcode 2008         Send4Disp@Nro_Disp 002F               __smallconst 2018  
     __end_of_init_Shield 7F42            _desplazar_tout 0001            __size_of_myISR 5FF8  
            debounce@cnt0 0012              debounce@cnt1 0011                  _LATAbits 000F89  
                _LATBbits 000F8A                  _LATCbits 000F8B                  _LATDbits 000F8C  
                _LATEbits 000F8D                  _LCD_tout 0005                  _PIE1bits 000F9D  
             _encoderTout 000D                  _PIR1bits 000F9E          __CFG_WDTPS$32768 000000  
              _ADCON0bits 000FC2             _Multiplicador 0015           _MedioPeriodoSet 0003  
             _INTCON2bits 000FF1               _INTCON3bits 000FF0                 copy_data0 7F56  
     Botones13@Estado_BOT 0017                _EECON1bits 000FA6                  __Hrparam 0000  
                __Lrparam 0000               _init_Shield 7F20                  _delay_kb 000A  
                _bot_tout 0019                  _led_tout 0007             __size_of_main 0006  
                int$flags 0033                  _mux_tout 001A     __CFG_CPUDIV$OSC1_PLL2 000000  
              _INTCONbits 000FF2                  intlevel2 0000                _TIMER0_INI 7F08  
      __CFG_FOSC$HSPLL_HS 000000  
